0 info it worked if it ends with ok
1 verbose cli [ '/usr/local/bin/node',
1 verbose cli   '/usr/local/bin/npm',
1 verbose cli   'run',
1 verbose cli   'gh-deploy' ]
2 info using npm@3.8.5
3 info using node@v4.2.6
4 verbose run-script [ 'pregh-deploy', 'gh-deploy', 'postgh-deploy' ]
5 info lifecycle ardesia@0.3.0~pregh-deploy: ardesia@0.3.0
6 silly lifecycle ardesia@0.3.0~pregh-deploy: no script for pregh-deploy, continuing
7 info lifecycle ardesia@0.3.0~gh-deploy: ardesia@0.3.0
8 verbose lifecycle ardesia@0.3.0~gh-deploy: unsafe-perm in lifecycle true
9 verbose lifecycle ardesia@0.3.0~gh-deploy: PATH: /usr/local/lib/node_modules/npm/bin/node-gyp-bin:/Users/macs/Documents/inkOfPixel/web/ardesia/node_modules/.bin:/usr/local/bin:/usr/local/bin:/usr/bin:/bin:/usr/sbin:/sbin
10 verbose lifecycle ardesia@0.3.0~gh-deploy: CWD: /Users/macs/Documents/inkOfPixel/web/ardesia
11 silly lifecycle ardesia@0.3.0~gh-deploy: Args: [ '-c', './scripts/git-gh-deploy.sh website' ]
12 silly lifecycle ardesia@0.3.0~gh-deploy: Returned: code: 1  signal: null
13 info lifecycle ardesia@0.3.0~gh-deploy: Failed to exec gh-deploy script
14 verbose stack Error: ardesia@0.3.0 gh-deploy: `./scripts/git-gh-deploy.sh website`
14 verbose stack Exit status 1
14 verbose stack     at EventEmitter.<anonymous> (/usr/local/lib/node_modules/npm/lib/utils/lifecycle.js:239:16)
14 verbose stack     at emitTwo (events.js:87:13)
14 verbose stack     at EventEmitter.emit (events.js:172:7)
14 verbose stack     at ChildProcess.<anonymous> (/usr/local/lib/node_modules/npm/lib/utils/spawn.js:24:14)
14 verbose stack     at emitTwo (events.js:87:13)
14 verbose stack     at ChildProcess.emit (events.js:172:7)
14 verbose stack     at maybeClose (internal/child_process.js:821:16)
14 verbose stack     at Process.ChildProcess._handle.onexit (internal/child_process.js:211:5)
15 verbose pkgid ardesia@0.3.0
16 verbose cwd /Users/macs/Documents/inkOfPixel/web/ardesia
17 error Darwin 15.3.0
18 error argv "/usr/local/bin/node" "/usr/local/bin/npm" "run" "gh-deploy"
19 error node v4.2.6
20 error npm  v3.8.5
21 error code ELIFECYCLE
22 error ardesia@0.3.0 gh-deploy: `./scripts/git-gh-deploy.sh website`
22 error Exit status 1
23 error Failed at the ardesia@0.3.0 gh-deploy script './scripts/git-gh-deploy.sh website'.
23 error Make sure you have the latest version of node.js and npm installed.
23 error If you do, this is most likely a problem with the ardesia package,
23 error not with npm itself.
23 error Tell the author that this fails on your system:
23 error     ./scripts/git-gh-deploy.sh website
23 error You can get information on how to open an issue for this project with:
23 error     npm bugs ardesia
23 error Or if that isn't available, you can get their info via:
23 error     npm owner ls ardesia
23 error There is likely additional logging output above.
24 verbose exit [ 1, true ]
